<?xml version="1.0" encoding="UTF-8"?>
<testsuite name="goorm.study.controller.UserControllerTest" tests="1" skipped="0" failures="0" errors="0" timestamp="2024-09-17T10:09:36" hostname="DESKTOP-6A9QKNO" time="0.761">
  <properties/>
  <testcase name="userSignUp()" classname="goorm.study.controller.UserControllerTest" time="0.761"/>
  <system-out><![CDATA[19:09:30.902 [Test worker] INFO org.springframework.test.context.support.AnnotationConfigContextLoaderUtils -- Could not detect default configuration classes for test class [goorm.study.controller.UserControllerTest]: UserControllerTest does not declare any static, non-private, non-final, nested classes annotated with @Configuration.
19:09:31.060 [Test worker] INFO org.springframework.boot.test.context.SpringBootTestContextBootstrapper -- Found @SpringBootConfiguration goorm.study.GoormstudyApplication for test class goorm.study.controller.UserControllerTest

  .   ____          _            __ _ _
 /\\ / ___'_ __ _ _(_)_ __  __ _ \ \ \ \
( ( )\___ | '_ | '_| | '_ \/ _` | \ \ \ \
 \\/  ___)| |_)| | | | | || (_| |  ) ) ) )
  '  |____| .__|_| |_|_| |_\__, | / / / /
 =========|_|==============|___/=/_/_/_/

 :: Spring Boot ::                (v3.3.3)

2024-09-17T19:09:31.510+09:00  INFO 29352 --- [goormstudy] [    Test worker] g.study.controller.UserControllerTest    : Starting UserControllerTest using Java 20.0.2 with PID 29352 (started by kyumi in C:\LEEKYUMIN\구름톤 유니브\9oormthonUNIV-BE-1)
2024-09-17T19:09:31.511+09:00  INFO 29352 --- [goormstudy] [    Test worker] g.study.controller.UserControllerTest    : No active profile set, falling back to 1 default profile: "default"
2024-09-17T19:09:32.375+09:00  INFO 29352 --- [goormstudy] [    Test worker] .s.d.r.c.RepositoryConfigurationDelegate : Bootstrapping Spring Data JPA repositories in DEFAULT mode.
2024-09-17T19:09:32.442+09:00  INFO 29352 --- [goormstudy] [    Test worker] .s.d.r.c.RepositoryConfigurationDelegate : Finished Spring Data repository scanning in 59 ms. Found 1 JPA repository interface.
2024-09-17T19:09:33.070+09:00  INFO 29352 --- [goormstudy] [    Test worker] com.zaxxer.hikari.HikariDataSource       : HikariPool-1 - Starting...
2024-09-17T19:09:33.314+09:00  INFO 29352 --- [goormstudy] [    Test worker] com.zaxxer.hikari.pool.HikariPool        : HikariPool-1 - Added connection conn0: url=jdbc:h2:mem:7ab404b2-0227-45c2-9c36-dca5993ba212 user=SA
2024-09-17T19:09:33.316+09:00  INFO 29352 --- [goormstudy] [    Test worker] com.zaxxer.hikari.HikariDataSource       : HikariPool-1 - Start completed.
2024-09-17T19:09:33.383+09:00  INFO 29352 --- [goormstudy] [    Test worker] o.hibernate.jpa.internal.util.LogHelper  : HHH000204: Processing PersistenceUnitInfo [name: default]
2024-09-17T19:09:33.479+09:00  INFO 29352 --- [goormstudy] [    Test worker] org.hibernate.Version                    : HHH000412: Hibernate ORM core version 6.5.2.Final
2024-09-17T19:09:33.527+09:00  INFO 29352 --- [goormstudy] [    Test worker] o.h.c.internal.RegionFactoryInitiator    : HHH000026: Second-level cache disabled
2024-09-17T19:09:33.970+09:00  INFO 29352 --- [goormstudy] [    Test worker] o.s.o.j.p.SpringPersistenceUnitInfo      : No LoadTimeWeaver setup: ignoring JPA class transformer
2024-09-17T19:09:34.868+09:00  INFO 29352 --- [goormstudy] [    Test worker] o.h.e.t.j.p.i.JtaPlatformInitiator       : HHH000489: No JTA platform available (set 'hibernate.transaction.jta.platform' to enable JTA platform integration)
2024-09-17T19:09:34.906+09:00  INFO 29352 --- [goormstudy] [    Test worker] j.LocalContainerEntityManagerFactoryBean : Initialized JPA EntityManagerFactory for persistence unit 'default'
2024-09-17T19:09:35.262+09:00  WARN 29352 --- [goormstudy] [    Test worker] JpaBaseConfiguration$JpaWebConfiguration : spring.jpa.open-in-view is enabled by default. Therefore, database queries may be performed during view rendering. Explicitly configure spring.jpa.open-in-view to disable this warning
2024-09-17T19:09:36.201+09:00  INFO 29352 --- [goormstudy] [    Test worker] g.study.controller.UserControllerTest    : Started UserControllerTest in 4.945 seconds (process running for 6.623)
]]></system-out>
  <system-err><![CDATA[]]></system-err>
</testsuite>
