<?xml version="1.0" encoding="UTF-8"?>
<testsuite name="goorm.study.controller.JwtUtilTest" tests="1" skipped="0" failures="0" errors="0" timestamp="2024-09-17T12:49:35" hostname="DESKTOP-6A9QKNO" time="1.865">
  <properties/>
  <testcase name="testValidateToken()" classname="goorm.study.controller.JwtUtilTest" time="1.865"/>
  <system-out><![CDATA[21:49:26.644 [Test worker] INFO org.springframework.test.context.support.AnnotationConfigContextLoaderUtils -- Could not detect default configuration classes for test class [goorm.study.controller.JwtUtilTest]: JwtUtilTest does not declare any static, non-private, non-final, nested classes annotated with @Configuration.
21:49:26.933 [Test worker] INFO org.springframework.boot.test.context.SpringBootTestContextBootstrapper -- Found @SpringBootConfiguration goorm.study.GoormstudyApplication for test class goorm.study.controller.JwtUtilTest

  .   ____          _            __ _ _
 /\\ / ___'_ __ _ _(_)_ __  __ _ \ \ \ \
( ( )\___ | '_ | '_| | '_ \/ _` | \ \ \ \
 \\/  ___)| |_)| | | | | || (_| |  ) ) ) )
  '  |____| .__|_| |_|_| |_\__, | / / / /
 =========|_|==============|___/=/_/_/_/

 :: Spring Boot ::                (v3.3.3)

2024-09-17T21:49:27.892+09:00  INFO 9220 --- [study] [    Test worker] goorm.study.controller.JwtUtilTest       : Starting JwtUtilTest using Java 20.0.2 with PID 9220 (started by kyumi in C:\LEEKYUMIN\구름톤 유니브\9oormthonUNIV-BE-1)
2024-09-17T21:49:27.894+09:00  INFO 9220 --- [study] [    Test worker] goorm.study.controller.JwtUtilTest       : No active profile set, falling back to 1 default profile: "default"
2024-09-17T21:49:29.300+09:00  INFO 9220 --- [study] [    Test worker] .s.d.r.c.RepositoryConfigurationDelegate : Bootstrapping Spring Data JPA repositories in DEFAULT mode.
2024-09-17T21:49:29.419+09:00  INFO 9220 --- [study] [    Test worker] .s.d.r.c.RepositoryConfigurationDelegate : Finished Spring Data repository scanning in 100 ms. Found 1 JPA repository interface.
2024-09-17T21:49:30.301+09:00  INFO 9220 --- [study] [    Test worker] o.hibernate.jpa.internal.util.LogHelper  : HHH000204: Processing PersistenceUnitInfo [name: default]
2024-09-17T21:49:30.441+09:00  INFO 9220 --- [study] [    Test worker] org.hibernate.Version                    : HHH000412: Hibernate ORM core version 6.5.2.Final
2024-09-17T21:49:30.525+09:00  INFO 9220 --- [study] [    Test worker] o.h.c.internal.RegionFactoryInitiator    : HHH000026: Second-level cache disabled
2024-09-17T21:49:31.192+09:00  INFO 9220 --- [study] [    Test worker] o.s.o.j.p.SpringPersistenceUnitInfo      : No LoadTimeWeaver setup: ignoring JPA class transformer
2024-09-17T21:49:31.257+09:00  INFO 9220 --- [study] [    Test worker] com.zaxxer.hikari.HikariDataSource       : HikariPool-1 - Starting...
2024-09-17T21:49:31.642+09:00  INFO 9220 --- [study] [    Test worker] com.zaxxer.hikari.pool.HikariPool        : HikariPool-1 - Added connection conn0: url=jdbc:h2:mem:a01a1209-f830-462b-bc4b-317c4fd5b9c5 user=SA
2024-09-17T21:49:31.645+09:00  INFO 9220 --- [study] [    Test worker] com.zaxxer.hikari.HikariDataSource       : HikariPool-1 - Start completed.
2024-09-17T21:49:32.893+09:00  INFO 9220 --- [study] [    Test worker] o.h.e.t.j.p.i.JtaPlatformInitiator       : HHH000489: No JTA platform available (set 'hibernate.transaction.jta.platform' to enable JTA platform integration)
Hibernate: create table userEntity (user_id varchar(255) not null, password varchar(255), userType enum ('ADMIN','PROFESSOR','STUDENT'), username varchar(255), primary key (user_id))
2024-09-17T21:49:32.956+09:00  INFO 9220 --- [study] [    Test worker] j.LocalContainerEntityManagerFactoryBean : Initialized JPA EntityManagerFactory for persistence unit 'default'
2024-09-17T21:49:33.504+09:00  WARN 9220 --- [study] [    Test worker] JpaBaseConfiguration$JpaWebConfiguration : spring.jpa.open-in-view is enabled by default. Therefore, database queries may be performed during view rendering. Explicitly configure spring.jpa.open-in-view to disable this warning
2024-09-17T21:49:35.174+09:00  INFO 9220 --- [study] [    Test worker] goorm.study.controller.JwtUtilTest       : Started JwtUtilTest in 7.859 seconds (process running for 10.286)
]]></system-out>
  <system-err><![CDATA[]]></system-err>
</testsuite>
