<?xml version="1.0" encoding="UTF-8"?>
<testsuite name="goorm.study.controller.UserControllerTest" tests="1" skipped="0" failures="0" errors="0" timestamp="2024-09-17T09:37:24" hostname="DESKTOP-6A9QKNO" time="1.315">
  <properties/>
  <testcase name="userSignUp()" classname="goorm.study.controller.UserControllerTest" time="1.315"/>
  <system-out><![CDATA[18:37:11.614 [Test worker] INFO org.springframework.test.context.support.AnnotationConfigContextLoaderUtils -- Could not detect default configuration classes for test class [goorm.study.controller.UserControllerTest]: UserControllerTest does not declare any static, non-private, non-final, nested classes annotated with @Configuration.
18:37:11.899 [Test worker] INFO org.springframework.boot.test.context.SpringBootTestContextBootstrapper -- Found @SpringBootConfiguration goorm.study.GoormstudyApplication for test class goorm.study.controller.UserControllerTest

  .   ____          _            __ _ _
 /\\ / ___'_ __ _ _(_)_ __  __ _ \ \ \ \
( ( )\___ | '_ | '_| | '_ \/ _` | \ \ \ \
 \\/  ___)| |_)| | | | | || (_| |  ) ) ) )
  '  |____| .__|_| |_|_| |_\__, | / / / /
 =========|_|==============|___/=/_/_/_/

 :: Spring Boot ::                (v3.3.3)

2024-09-17T18:37:12.741+09:00  INFO 30304 --- [goormstudy] [    Test worker] g.study.controller.UserControllerTest    : Starting UserControllerTest using Java 20.0.2 with PID 30304 (started by kyumi in C:\LEEKYUMIN\구름톤 유니브\9oormthonUNIV-BE-1)
2024-09-17T18:37:12.744+09:00  INFO 30304 --- [goormstudy] [    Test worker] g.study.controller.UserControllerTest    : No active profile set, falling back to 1 default profile: "default"
2024-09-17T18:37:14.951+09:00  INFO 30304 --- [goormstudy] [    Test worker] .s.d.r.c.RepositoryConfigurationDelegate : Bootstrapping Spring Data JPA repositories in DEFAULT mode.
2024-09-17T18:37:15.098+09:00  INFO 30304 --- [goormstudy] [    Test worker] .s.d.r.c.RepositoryConfigurationDelegate : Finished Spring Data repository scanning in 131 ms. Found 1 JPA repository interface.
2024-09-17T18:37:16.289+09:00  INFO 30304 --- [goormstudy] [    Test worker] com.zaxxer.hikari.HikariDataSource       : HikariPool-1 - Starting...
2024-09-17T18:37:16.793+09:00  INFO 30304 --- [goormstudy] [    Test worker] com.zaxxer.hikari.pool.HikariPool        : HikariPool-1 - Added connection conn0: url=jdbc:h2:mem:f4012644-5c4e-486b-aff8-db765121d1b2 user=SA
2024-09-17T18:37:16.796+09:00  INFO 30304 --- [goormstudy] [    Test worker] com.zaxxer.hikari.HikariDataSource       : HikariPool-1 - Start completed.
2024-09-17T18:37:16.974+09:00  INFO 30304 --- [goormstudy] [    Test worker] o.hibernate.jpa.internal.util.LogHelper  : HHH000204: Processing PersistenceUnitInfo [name: default]
2024-09-17T18:37:17.177+09:00  INFO 30304 --- [goormstudy] [    Test worker] org.hibernate.Version                    : HHH000412: Hibernate ORM core version 6.5.2.Final
2024-09-17T18:37:17.293+09:00  INFO 30304 --- [goormstudy] [    Test worker] o.h.c.internal.RegionFactoryInitiator    : HHH000026: Second-level cache disabled
2024-09-17T18:37:18.429+09:00  INFO 30304 --- [goormstudy] [    Test worker] o.s.o.j.p.SpringPersistenceUnitInfo      : No LoadTimeWeaver setup: ignoring JPA class transformer
2024-09-17T18:37:20.799+09:00  INFO 30304 --- [goormstudy] [    Test worker] o.h.e.t.j.p.i.JtaPlatformInitiator       : HHH000489: No JTA platform available (set 'hibernate.transaction.jta.platform' to enable JTA platform integration)
2024-09-17T18:37:20.869+09:00  INFO 30304 --- [goormstudy] [    Test worker] j.LocalContainerEntityManagerFactoryBean : Initialized JPA EntityManagerFactory for persistence unit 'default'
2024-09-17T18:37:22.045+09:00  WARN 30304 --- [goormstudy] [    Test worker] JpaBaseConfiguration$JpaWebConfiguration : spring.jpa.open-in-view is enabled by default. Therefore, database queries may be performed during view rendering. Explicitly configure spring.jpa.open-in-view to disable this warning
2024-09-17T18:37:23.400+09:00  WARN 30304 --- [goormstudy] [    Test worker] .s.s.UserDetailsServiceAutoConfiguration : 

Using generated security password: 3570e26c-cf8e-413f-add4-b714518be4e3

This generated password is for development use only. Your security configuration must be updated before running your application in production.

2024-09-17T18:37:23.484+09:00  INFO 30304 --- [goormstudy] [    Test worker] r$InitializeUserDetailsManagerConfigurer : Global AuthenticationManager configured with UserDetailsService bean with name inMemoryUserDetailsManager
2024-09-17T18:37:23.984+09:00  INFO 30304 --- [goormstudy] [    Test worker] g.study.controller.UserControllerTest    : Started UserControllerTest in 11.699 seconds (process running for 14.532)
]]></system-out>
  <system-err><![CDATA[]]></system-err>
</testsuite>
